# JRE version: OpenJDK Runtime Environment Temurin-17.0.7+7 (17.0.7+7) (build 17.0.7+7)
# Java VM: OpenJDK 64-Bit Server VM Temurin-17.0.7+7 (17.0.7+7, mixed mode, emulated-client, tiered, compressed oops, compressed class ptrs, g1 gc, windows-amd64)
GC Precious Log:
 CPUs: 4 total, 4 available
 Memory: 8045M
 Large Page Support: Disabled
 NUMA Support: Disabled
 Compressed Oops: Enabled (32-bit)
 Heap Region Size: 1M
 Heap Min Capacity: 8M
 Heap Initial Capacity: 126M
 Heap Max Capacity: 2012M
 Pre-touch: Disabled
 Parallel Workers: 4
 Concurrent Workers: 1
 Concurrent Refinement Workers: 4
 Periodic GC: Disabled
Heap:
 garbage-first heap   total 200704K, used 38044K [0x0000000082400000, 0x0000000100000000)
  region size 1024K, 12 young (12288K), 5 survivors (5120K)
 Metaspace       used 74743K, committed 75392K, reserved 1179648K
  class space    used 9492K, committed 9792K, reserved 1048576K
GC Heap History (20 events):
Event: 575.058 GC heap before
{Heap before GC invocations=29 (full 1):
 garbage-first heap   total 78848K, used 31596K [0x0000000082400000, 0x0000000100000000)
  region size 1024K, 4 young (4096K), 2 survivors (2048K)
 Metaspace       used 72826K, committed 73472K, reserved 1114112K
  class space    used 9222K, committed 9536K, reserved 1048576K
}
Event: 575.113 GC heap after
{Heap after GC invocations=30 (full 2):
 garbage-first heap   total 78848K, used 22542K [0x0000000082400000, 0x0000000100000000)
  region size 1024K, 0 young (0K), 0 survivors (0K)
 Metaspace       used 72689K, committed 73472K, reserved 1114112K
  class space    used 9194K, committed 9536K, reserved 1048576K
}
Event: 578.446 GC heap before
{Heap before GC invocations=30 (full 2):
 garbage-first heap   total 78848K, used 59406K [0x0000000082400000, 0x0000000100000000)
  region size 1024K, 37 young (37888K), 0 survivors (0K)
 Metaspace       used 72762K, committed 73472K, reserved 1114112K
  class space    used 9205K, committed 9536K, reserved 1048576K
}
Event: 578.451 GC heap after
{Heap after GC invocations=31 (full 2):
 garbage-first heap   total 78848K, used 26147K [0x0000000082400000, 0x0000000100000000)
  region size 1024K, 4 young (4096K), 4 survivors (4096K)
 Metaspace       used 72762K, committed 73472K, reserved 1114112K
  class space    used 9205K, committed 9536K, reserved 1048576K
}
Event: 579.644 GC heap before
{Heap before GC invocations=31 (full 2):
 garbage-first heap   total 78848K, used 59939K [0x0000000082400000, 0x0000000100000000)
  region size 1024K, 37 young (37888K), 4 survivors (4096K)
 Metaspace       used 72852K, committed 73536K, reserved 1114112K
  class space    used 9214K, committed 9536K, reserved 1048576K
}
Event: 579.653 GC heap after
{Heap after GC invocations=32 (full 2):
 garbage-first heap   total 78848K, used 28922K [0x0000000082400000, 0x0000000100000000)
  region size 1024K, 3 young (3072K), 3 survivors (3072K)
 Metaspace       used 72852K, committed 73536K, reserved 1114112K
  class space    used 9214K, committed 9536K, reserved 1048576K
}
Event: 591.049 GC heap before
{Heap before GC invocations=32 (full 2):
 garbage-first heap   total 78848K, used 41210K [0x0000000082400000, 0x0000000100000000)
  region size 1024K, 16 young (16384K), 3 survivors (3072K)
 Metaspace       used 72947K, committed 73536K, reserved 1114112K
  class space    used 9224K, committed 9536K, reserved 1048576K
}
Event: 591.107 GC heap after
{Heap after GC invocations=33 (full 3):
 garbage-first heap   total 78848K, used 24749K [0x0000000082400000, 0x0000000100000000)
  region size 1024K, 0 young (0K), 0 survivors (0K)
 Metaspace       used 72772K, committed 73536K, reserved 1114112K
  class space    used 9210K, committed 9536K, reserved 1048576K
}
Event: 591.604 GC heap before
{Heap before GC invocations=33 (full 3):
 garbage-first heap   total 78848K, used 58541K [0x0000000082400000, 0x0000000100000000)
  region size 1024K, 34 young (34816K), 0 survivors (0K)
 Metaspace       used 72815K, committed 73536K, reserved 1114112K
  class space    used 9217K, committed 9536K, reserved 1048576K
}
Event: 591.609 GC heap after
{Heap after GC invocations=34 (full 3):
 garbage-first heap   total 78848K, used 27501K [0x0000000082400000, 0x0000000100000000)
  region size 1024K, 3 young (3072K), 3 survivors (3072K)
 Metaspace       used 72815K, committed 73536K, reserved 1114112K
  class space    used 9217K, committed 9536K, reserved 1048576K
}
Event: 591.856 GC heap before
{Heap before GC invocations=34 (full 3):
 garbage-first heap   total 78848K, used 60269K [0x0000000082400000, 0x0000000100000000)
  region size 1024K, 35 young (35840K), 3 survivors (3072K)
 Metaspace       used 72998K, committed 73600K, reserved 1114112K
  class space    used 9242K, committed 9536K, reserved 1048576K
}
Event: 591.861 GC heap after
{Heap after GC invocations=35 (full 3):
 garbage-first heap   total 78848K, used 29104K [0x0000000082400000, 0x0000000100000000)
  region size 1024K, 5 young (5120K), 5 survivors (5120K)
 Metaspace       used 72998K, committed 73600K, reserved 1114112K
  class space    used 9242K, committed 9536K, reserved 1048576K
}
Event: 616.870 GC heap before
{Heap before GC invocations=35 (full 3):
 garbage-first heap   total 78848K, used 43440K [0x0000000082400000, 0x0000000100000000)
  region size 1024K, 20 young (20480K), 5 survivors (5120K)
 Metaspace       used 73080K, committed 73664K, reserved 1114112K
  class space    used 9247K, committed 9536K, reserved 1048576K
}
Event: 616.929 GC heap after
{Heap after GC invocations=36 (full 4):
 garbage-first heap   total 78848K, used 25008K [0x0000000082400000, 0x0000000100000000)
  region size 1024K, 0 young (0K), 0 survivors (0K)
 Metaspace       used 73074K, committed 73664K, reserved 1114112K
  class space    used 9246K, committed 9536K, reserved 1048576K
}
Event: 619.039 GC heap before
{Heap before GC invocations=36 (full 4):
 garbage-first heap   total 78848K, used 59824K [0x0000000082400000, 0x0000000100000000)
  region size 1024K, 35 young (35840K), 0 survivors (0K)
 Metaspace       used 73117K, committed 73728K, reserved 1114112K
  class space    used 9252K, committed 9536K, reserved 1048576K
}
Event: 619.044 GC heap after
{Heap after GC invocations=37 (full 4):
 garbage-first heap   total 78848K, used 27794K [0x0000000082400000, 0x0000000100000000)
  region size 1024K, 3 young (3072K), 3 survivors (3072K)
 Metaspace       used 73117K, committed 73728K, reserved 1114112K
  class space    used 9252K, committed 9536K, reserved 1048576K
}
Event: 619.404 GC heap before
{Heap before GC invocations=37 (full 4):
 garbage-first heap   total 78848K, used 61586K [0x0000000082400000, 0x0000000100000000)
  region size 1024K, 36 young (36864K), 3 survivors (3072K)
 Metaspace       used 73185K, committed 73792K, reserved 1114112K
  class space    used 9258K, committed 9536K, reserved 1048576K
}
Event: 619.409 GC heap after
{Heap after GC invocations=38 (full 4):
 garbage-first heap   total 78848K, used 29562K [0x0000000082400000, 0x0000000100000000)
  region size 1024K, 5 young (5120K), 5 survivors (5120K)
 Metaspace       used 73185K, committed 73792K, reserved 1114112K
  class space    used 9258K, committed 9536K, reserved 1048576K
}
Event: 633.970 GC heap before
{Heap before GC invocations=38 (full 4):
 garbage-first heap   total 78848K, used 60282K [0x0000000082400000, 0x0000000100000000)
  region size 1024K, 36 young (36864K), 5 survivors (5120K)
 Metaspace       used 74740K, committed 75392K, reserved 1179648K
  class space    used 9492K, committed 9792K, reserved 1048576K
}
Event: 633.992 GC heap after
{Heap after GC invocations=39 (full 4):
 garbage-first heap   total 200704K, used 31900K [0x0000000082400000, 0x0000000100000000)
  region size 1024K, 5 young (5120K), 5 survivors (5120K)
 Metaspace       used 74740K, committed 75392K, reserved 1179648K
  class space    used 9492K, committed 9792K, reserved 1048576K
}

